<?xml version="1.0" encoding="UTF-8"?>
<testsuite xmlns:xsi="http://www.w3.org/2001/XMLSchema-instance" xsi:noNamespaceSchemaLocation="https://maven.apache.org/surefire/maven-surefire-plugin/xsd/surefire-test-report.xsd" name="fit.AppTest" time="0.015" tests="1" errors="0" skipped="0" failures="0">
  <properties>
    <property name="java.specification.version" value="17"/>
    <property name="sun.jnu.encoding" value="UTF-8"/>
    <property name="java.class.path" value="/Users/emiliomurta/Projects/impacta/pos/java/coding-lab/a2/class/walkthrough/target/test-classes:/Users/emiliomurta/Projects/impacta/pos/java/coding-lab/a2/class/walkthrough/target/classes:/Users/emiliomurta/.m2/repository/junit/junit/4.11/junit-4.11.jar:/Users/emiliomurta/.m2/repository/org/hamcrest/hamcrest-core/1.3/hamcrest-core-1.3.jar:"/>
    <property name="java.vm.vendor" value="Oracle Corporation"/>
    <property name="sun.arch.data.model" value="64"/>
    <property name="java.vendor.url" value="https://java.oracle.com/"/>
    <property name="os.name" value="Mac OS X"/>
    <property name="java.vm.specification.version" value="17"/>
    <property name="sun.java.launcher" value="SUN_STANDARD"/>
    <property name="user.country" value="BR"/>
    <property name="sun.boot.library.path" value="/Users/emiliomurta/.sdkman/candidates/java/17-open/lib"/>
    <property name="sun.java.command" value="/Users/emiliomurta/Projects/impacta/pos/java/coding-lab/a2/class/walkthrough/target/surefire/surefirebooter10894362841825036355.jar /Users/emiliomurta/Projects/impacta/pos/java/coding-lab/a2/class/walkthrough/target/surefire 2021-10-29T21-08-03_611-jvmRun1 surefire7500358131300531198tmp surefire_010078903123289519511tmp"/>
    <property name="http.nonProxyHosts" value="local|*.local|169.254/16|*.169.254/16"/>
    <property name="jdk.debug" value="release"/>
    <property name="surefire.test.class.path" value="/Users/emiliomurta/Projects/impacta/pos/java/coding-lab/a2/class/walkthrough/target/test-classes:/Users/emiliomurta/Projects/impacta/pos/java/coding-lab/a2/class/walkthrough/target/classes:/Users/emiliomurta/.m2/repository/junit/junit/4.11/junit-4.11.jar:/Users/emiliomurta/.m2/repository/org/hamcrest/hamcrest-core/1.3/hamcrest-core-1.3.jar:"/>
    <property name="sun.cpu.endian" value="little"/>
    <property name="user.home" value="/Users/emiliomurta"/>
    <property name="user.language" value="en"/>
    <property name="java.specification.vendor" value="Oracle Corporation"/>
    <property name="java.version.date" value="2021-09-14"/>
    <property name="java.home" value="/Users/emiliomurta/.sdkman/candidates/java/17-open"/>
    <property name="file.separator" value="/"/>
    <property name="basedir" value="/Users/emiliomurta/Projects/impacta/pos/java/coding-lab/a2/class/walkthrough"/>
    <property name="java.vm.compressedOopsMode" value="Zero based"/>
    <property name="line.separator" value="&#10;"/>
    <property name="java.specification.name" value="Java Platform API Specification"/>
    <property name="java.vm.specification.vendor" value="Oracle Corporation"/>
    <property name="surefire.real.class.path" value="/Users/emiliomurta/Projects/impacta/pos/java/coding-lab/a2/class/walkthrough/target/surefire/surefirebooter10894362841825036355.jar"/>
    <property name="sun.management.compiler" value="HotSpot 64-Bit Tiered Compilers"/>
    <property name="ftp.nonProxyHosts" value="local|*.local|169.254/16|*.169.254/16"/>
    <property name="java.runtime.version" value="17+35-2724"/>
    <property name="user.name" value="emiliomurta"/>
    <property name="path.separator" value=":"/>
    <property name="os.version" value="10.15.7"/>
    <property name="java.runtime.name" value="OpenJDK Runtime Environment"/>
    <property name="file.encoding" value="UTF-8"/>
    <property name="java.vm.name" value="OpenJDK 64-Bit Server VM"/>
    <property name="localRepository" value="/Users/emiliomurta/.m2/repository"/>
    <property name="java.vendor.url.bug" value="https://bugreport.java.com/bugreport/"/>
    <property name="java.io.tmpdir" value="/var/folders/f1/sgs1q60s7xqfnfqx52_q635r0000gn/T/"/>
    <property name="java.version" value="17"/>
    <property name="user.dir" value="/Users/emiliomurta/Projects/impacta/pos/java/coding-lab/a2/class/walkthrough"/>
    <property name="os.arch" value="x86_64"/>
    <property name="java.vm.specification.name" value="Java Virtual Machine Specification"/>
    <property name="native.encoding" value="UTF-8"/>
    <property name="java.library.path" value="/Users/emiliomurta/Library/Java/Extensions:/Library/Java/Extensions:/Network/Library/Java/Extensions:/System/Library/Java/Extensions:/usr/lib/java:."/>
    <property name="java.vm.info" value="mixed mode, sharing"/>
    <property name="java.vendor" value="Oracle Corporation"/>
    <property name="java.vm.version" value="17+35-2724"/>
    <property name="sun.io.unicode.encoding" value="UnicodeBig"/>
    <property name="socksNonProxyHosts" value="local|*.local|169.254/16|*.169.254/16"/>
    <property name="java.class.version" value="61.0"/>
  </properties>
  <testcase name="shouldAnswerWithTrue" classname="fit.AppTest" time="0"/>
</testsuite>